<?xml version="1.0" encoding="UTF-8"?>
<!-- Generated by org.testng.reporters.JUnitReportReporter -->
<testsuite hostname="DESKTOP-L3P5RPF" failures="0" tests="6" name="com.Ecommerce.tests.AddToCartTest" time="47.681" errors="0" timestamp="2025-08-14T17:08:09 IST" skipped="0">
  <testcase classname="com.Ecommerce.tests.AddToCartTest" name="addSingleItemToCartTest" time="7.485"/>
  <testcase classname="com.Ecommerce.tests.AddToCartTest" name="addSingleItemToCartTest" time="8.862"/>
  <testcase classname="com.Ecommerce.tests.AddToCartTest" name="addMultipleItemsToCartTest" time="8.333"/>
  <testcase classname="com.Ecommerce.tests.AddToCartTest" name="addMultipleItemsToCartTest" time="6.942"/>
  <testcase classname="com.Ecommerce.tests.AddToCartTest" name="removeItemFromCartTest" time="8.822"/>
  <testcase classname="com.Ecommerce.tests.AddToCartTest" name="removeItemFromCartTest" time="7.237"/>
</testsuite> <!-- com.Ecommerce.tests.AddToCartTest -->
