<?xml version="1.0" encoding="UTF-8"?>
<!-- Generated by org.testng.reporters.JUnitReportReporter -->
<testsuite hostname="DESKTOP-L3P5RPF" failures="0" tests="1" name="com.Ecommerce.tests.ProductTest" time="5.551" errors="0" timestamp="2025-08-05T22:09:53 IST" skipped="0">
  <testcase classname="com.Ecommerce.tests.ProductTest" name="testAddProductToCart" time="5.551"/>
</testsuite> <!-- com.Ecommerce.tests.ProductTest -->
